
=============== [2014/06/22 07:31:45, net.neoremind.sshxcute.core.SSHExec.<clinit>:80] ====================

[07:31:45] INFO:    SSHExec initializing ...
[07:31:45] INFO:    Session initialized and associated with user credential cloudera
[07:31:45] INFO:    SSHExec initialized successfully
[07:31:45] INFO:    SSHExec trying to connect cloudera@134.193.136.127
[07:31:47] INFO:    SSH connection established
[07:31:47] INFO:    Ready to transfer local file 'E://sensor.txt' to server directory '/home/cloudera/'
[07:31:48] INFO:    Connection channel established succesfully
[07:31:48] INFO:    Start to upload
[07:31:49] INFO:    Upload success
[07:31:49] INFO:    channel disconnect
[07:31:49] INFO:    SSH connection shutdown

=============== [2014/06/22 07:32:42, net.neoremind.sshxcute.core.SSHExec.<clinit>:80] ====================

[07:32:42] INFO:    SSHExec initializing ...
[07:32:42] INFO:    Session initialized and associated with user credential cloudera
[07:32:42] INFO:    SSHExec initialized successfully
[07:32:42] INFO:    SSHExec trying to connect cloudera@134.193.136.127
[07:32:43] INFO:    SSH connection established
[07:32:43] INFO:    Ready to transfer local file 'E://sensor2.txt' to server directory '/home/cloudera/'
[07:32:43] INFO:    Connection channel established succesfully
[07:32:43] INFO:    Start to upload
[07:32:43] INFO:    Upload success
[07:32:43] INFO:    channel disconnect
[07:32:43] INFO:    SSH connection shutdown

=============== [2014/07/01 06:05:46, net.neoremind.sshxcute.core.SSHExec.<clinit>:80] ====================

[06:05:46] INFO:    SSHExec initializing ...
[06:05:46] INFO:    Session initialized and associated with user credential group9
[06:05:47] INFO:    SSHExec initialized successfully
[06:05:47] INFO:    SSHExec trying to connect group9@134.193.136.147
[06:05:52] INFO:    SSH connection established
[06:05:52] INFO:    Ready to transfer local file 'C:\Users\Praneeth\Android\HbaseFrontEnd\sensortag.txt' to server directory '/home/cloudera/'
[06:05:52] INFO:    Connection channel established succesfully
[06:05:52] INFO:    Start to upload
[06:05:55] INFO:    C:\Users\Praneeth\Android\HbaseFrontEnd\sensortag.txtcheck fails
[06:05:55] INFO:    SSH connection shutdown

=============== [2014/07/01 06:09:36, net.neoremind.sshxcute.core.SSHExec.<clinit>:80] ====================

[06:09:36] INFO:    SSHExec initializing ...
[06:09:36] INFO:    Session initialized and associated with user credential group9
[06:09:36] INFO:    SSHExec initialized successfully
[06:09:36] INFO:    SSHExec trying to connect group9@134.193.136.147
[06:09:38] INFO:    SSH connection established
[06:09:38] INFO:    Ready to transfer local file 'C:\Users\Praneeth\Android\HbaseFrontEnd\sensortag.txt' to server directory '/home/group9/'
[06:09:38] INFO:    Connection channel established succesfully
[06:09:38] INFO:    Start to upload
[06:09:39] INFO:    Upload success
[06:09:39] INFO:    channel disconnect
[06:09:39] INFO:    SSH connection shutdown
